d:\visual studio 2015\projects\consoleapplication2\consoleapplication2\debug\vc140.pdb
d:\visual studio 2015\projects\consoleapplication2\consoleapplication2\debug\vc140.idb
d:\visual studio 2015\projects\consoleapplication2\consoleapplication2\debug\001.nativecodeanalysis.xml
d:\visual studio 2015\projects\consoleapplication2\consoleapplication2\debug\源.nativecodeanalysis.xml
d:\visual studio 2015\projects\consoleapplication2\consoleapplication2\debug\源.obj
d:\visual studio 2015\projects\consoleapplication2\consoleapplication2\debug\001.obj
d:\visual studio 2015\projects\consoleapplication2\consoleapplication2\debug\002.obj
d:\visual studio 2015\projects\consoleapplication2\consoleapplication2\debug\最大公约数.obj
d:\visual studio 2015\projects\consoleapplication2\consoleapplication2\debug\冒泡.obj
d:\visual studio 2015\projects\consoleapplication2\consoleapplication2\debug\io.obj
d:\visual studio 2015\projects\consoleapplication2\consoleapplication2\debug\nativecodeanalysis.read.1.tlog
d:\visual studio 2015\projects\consoleapplication2\consoleapplication2\debug\vc.nativecodeanalysis.all.xml
d:\visual studio 2015\projects\consoleapplication2\debug\consoleapplication2.pdb
d:\visual studio 2015\projects\consoleapplication2\debug\consoleapplication2.exe
d:\visual studio 2015\projects\consoleapplication2\debug\consoleapplication2.ilk
d:\visual studio 2015\projects\consoleapplication2\debug\consoleapplication2.exe.lastcodeanalysissucceeded
d:\visual studio 2015\projects\consoleapplication2\consoleapplication2\debug\consolea.95ee5bc7.tlog\cl.command.1.tlog
d:\visual studio 2015\projects\consoleapplication2\consoleapplication2\debug\consolea.95ee5bc7.tlog\cl.read.1.tlog
d:\visual studio 2015\projects\consoleapplication2\consoleapplication2\debug\consolea.95ee5bc7.tlog\cl.write.1.tlog
d:\visual studio 2015\projects\consoleapplication2\consoleapplication2\debug\consolea.95ee5bc7.tlog\link.command.1.tlog
d:\visual studio 2015\projects\consoleapplication2\consoleapplication2\debug\consolea.95ee5bc7.tlog\link.read.1.tlog
d:\visual studio 2015\projects\consoleapplication2\consoleapplication2\debug\consolea.95ee5bc7.tlog\link.write.1.tlog
