d:\visual studio 2015\projects\consoleapplication4\consoleapplication4\debug\vc140.pdb
d:\visual studio 2015\projects\consoleapplication4\consoleapplication4\debug\vc140.idb
d:\visual studio 2015\projects\consoleapplication4\consoleapplication4\debug\杨辉三角.obj
d:\visual studio 2015\projects\consoleapplication4\consoleapplication4\debug\atoa.obj
d:\visual studio 2015\projects\consoleapplication4\consoleapplication4\debug\input_infor.obj
d:\visual studio 2015\projects\consoleapplication4\consoleapplication4\debug\外部函数.obj
d:\visual studio 2015\projects\consoleapplication4\consoleapplication4\debug\小程序.obj
d:\visual studio 2015\projects\consoleapplication4\consoleapplication4\debug\数组求和与平均值.obj
d:\visual studio 2015\projects\consoleapplication4\consoleapplication4\debug\源.obj
d:\visual studio 2015\projects\consoleapplication4\consoleapplication4\debug\用指针交换两个数的值.obj
d:\visual studio 2015\projects\consoleapplication4\consoleapplication4\debug\三角形面积.obj
d:\visual studio 2015\projects\consoleapplication4\consoleapplication4\debug\猜拳.obj
d:\visual studio 2015\projects\consoleapplication4\consoleapplication4\debug\素数.obj
d:\visual studio 2015\projects\consoleapplication4\debug\小学生试题.ilk
d:\visual studio 2015\projects\consoleapplication4\debug\小学生试题.exe
d:\visual studio 2015\projects\consoleapplication4\debug\小学生试题.pdb
d:\visual studio 2015\projects\consoleapplication4\consoleapplication4\debug\小学生试题.tlog\cl.command.1.tlog
d:\visual studio 2015\projects\consoleapplication4\consoleapplication4\debug\小学生试题.tlog\cl.read.1.tlog
d:\visual studio 2015\projects\consoleapplication4\consoleapplication4\debug\小学生试题.tlog\cl.write.1.tlog
d:\visual studio 2015\projects\consoleapplication4\consoleapplication4\debug\小学生试题.tlog\link.command.1.tlog
d:\visual studio 2015\projects\consoleapplication4\consoleapplication4\debug\小学生试题.tlog\link.read.1.tlog
d:\visual studio 2015\projects\consoleapplication4\consoleapplication4\debug\小学生试题.tlog\link.write.1.tlog
